<?xml version="1.0" encoding="UTF-8"?>
<!-- Generated by org.testng.reporters.JUnitXMLReporter -->
<testsuite ignored="1" hostname="VAIO" failures="5" tests="48" name="Test" time="207.796" errors="0" timestamp="2022-06-02T11:09:50 IST">
  <testcase classname="TestNG.Tc1loginpage" name="@BeforeMethod SetupMethod" time="29.72">
    <failure type="org.openqa.selenium.ElementNotInteractableException" message="Element &amp;lt;a id=&amp;quot;logout_sidebar_link&amp;quot; class=&amp;quot;bm-item menu-item&amp;quot; href=&amp;quot;#&amp;quot;&amp;gt; could not be scrolled into view
Build info: version: &amp;apos;4.1.3&amp;apos;, revision: &amp;apos;7b1ebf28ef&amp;apos;
System info: host: &amp;apos;VAIO&amp;apos;, ip: &amp;apos;192.168.43.145&amp;apos;, os.name: &amp;apos;Windows 8&amp;apos;, os.arch: &amp;apos;amd64&amp;apos;, os.version: &amp;apos;6.2&amp;apos;, java.version: &amp;apos;17.0.2&amp;apos;
Driver info: org.openqa.selenium.firefox.FirefoxDriver
Command: [3058fbca-2e1d-4364-8f06-9201a1aeb213, clickElement {id=bfa81214-2dd4-408a-9255-4209611c7ef6}]
Capabilities {acceptInsecureCerts: true, browserName: firefox, browserVersion: 100.0.2, javascriptEnabled: true, moz:accessibilityChecks: false, moz:buildID: 20220519220738, moz:debuggerAddress: localhost:50110, moz:geckodriverVersion: 0.31.0, moz:headless: false, moz:processID: 11280, moz:profile: C:\Users\SNY\AppData\Local\..., moz:shutdownTimeout: 60000, moz:useNonSpecCompliantPointerOrigin: false, moz:webdriverClick: true, pageLoadStrategy: normal, platform: WINDOWS, platformName: WINDOWS, platformVersion: 6.2, proxy: Proxy(), se:cdp: ws://localhost:50110/devtoo..., se:cdpVersion: 85.0, setWindowRect: true, strictFileInteractability: false, timeouts: {implicit: 0, pageLoad: 300000, script: 30000}, unhandledPromptBehavior: dismiss and notify}
Element: [[FirefoxDriver: firefox on WINDOWS (3058fbca-2e1d-4364-8f06-9201a1aeb213)] -&amp;gt; xpath: //a[text()=&amp;apos;Logout&amp;apos;]]
Session ID: 3058fbca-2e1d-4364-8f06-9201a1aeb213">
      <![CDATA[org.openqa.selenium.ElementNotInteractableException: Element <a id="logout_sidebar_link" class="bm-item menu-item" href="#"> could not be scrolled into view
Build info: version: '4.1.3', revision: '7b1ebf28ef'
System info: host: 'VAIO', ip: '192.168.43.145', os.name: 'Windows 8', os.arch: 'amd64', os.version: '6.2', java.version: '17.0.2'
Driver info: org.openqa.selenium.firefox.FirefoxDriver
Command: [3058fbca-2e1d-4364-8f06-9201a1aeb213, clickElement {id=bfa81214-2dd4-408a-9255-4209611c7ef6}]
Capabilities {acceptInsecureCerts: true, browserName: firefox, browserVersion: 100.0.2, javascriptEnabled: true, moz:accessibilityChecks: false, moz:buildID: 20220519220738, moz:debuggerAddress: localhost:50110, moz:geckodriverVersion: 0.31.0, moz:headless: false, moz:processID: 11280, moz:profile: C:\Users\SNY\AppData\Local\..., moz:shutdownTimeout: 60000, moz:useNonSpecCompliantPointerOrigin: false, moz:webdriverClick: true, pageLoadStrategy: normal, platform: WINDOWS, platformName: WINDOWS, platformVersion: 6.2, proxy: Proxy(), se:cdp: ws://localhost:50110/devtoo..., se:cdpVersion: 85.0, setWindowRect: true, strictFileInteractability: false, timeouts: {implicit: 0, pageLoad: 300000, script: 30000}, unhandledPromptBehavior: dismiss and notify}
Element: [[FirefoxDriver: firefox on WINDOWS (3058fbca-2e1d-4364-8f06-9201a1aeb213)] -> xpath: //a[text()='Logout']]
Session ID: 3058fbca-2e1d-4364-8f06-9201a1aeb213
at org.openqa.selenium.remote.codec.w3c.W3CHttpResponseCodec.createException(W3CHttpResponseCodec.java:200)
at org.openqa.selenium.remote.codec.w3c.W3CHttpResponseCodec.decode(W3CHttpResponseCodec.java:133)
at org.openqa.selenium.remote.codec.w3c.W3CHttpResponseCodec.decode(W3CHttpResponseCodec.java:53)
at org.openqa.selenium.remote.HttpCommandExecutor.execute(HttpCommandExecutor.java:184)
at org.openqa.selenium.remote.service.DriverCommandExecutor.invokeExecute(DriverCommandExecutor.java:167)
at org.openqa.selenium.remote.service.DriverCommandExecutor.execute(DriverCommandExecutor.java:142)
at org.openqa.selenium.remote.RemoteWebDriver.execute(RemoteWebDriver.java:567)
at org.openqa.selenium.remote.RemoteWebElement.execute(RemoteWebElement.java:251)
at org.openqa.selenium.remote.RemoteWebElement.click(RemoteWebElement.java:77)
at org.openqa.selenium.support.pagefactory.internal.LocatingElementHandler.invoke(LocatingElementHandler.java:52)
at jdk.proxy2/jdk.proxy2.$Proxy16.click(Unknown Source)
at com.sorcedemo.POM.LogOutPOM.logout(LogOutPOM.java:54)
at TestNG.Tc1loginpage.SetupMethod(Tc1loginpage.java:37)
at java.base/java.util.ArrayList.forEach(ArrayList.java:1511)
... Removed 40 stack frames]]>
    </failure>
  </testcase> <!-- @BeforeMethod SetupMethod -->
  <testcase classname="com.sorcedemo.TESTcase.TCflipcat" name="@AfterMethod teardown" time="0.032">
    <failure type="java.lang.NullPointerException" message="Cannot invoke &amp;quot;org.openqa.selenium.SearchContext.findElement(org.openqa.selenium.By)&amp;quot; because &amp;quot;this.searchContext&amp;quot; is null">
      <![CDATA[java.lang.NullPointerException: Cannot invoke "org.openqa.selenium.SearchContext.findElement(org.openqa.selenium.By)" because "this.searchContext" is null
at org.openqa.selenium.support.pagefactory.DefaultElementLocator.findElement(DefaultElementLocator.java:70)
at org.openqa.selenium.support.pagefactory.internal.LocatingElementHandler.invoke(LocatingElementHandler.java:39)
at jdk.proxy2/jdk.proxy2.$Proxy16.click(Unknown Source)
at com.sorcedemo.POM.FlipcartLOGOUT.dropdown(FlipcartLOGOUT.java:16)
at com.sorcedemo.TESTcase.TCflipcat.teardown(TCflipcat.java:50)
at java.base/java.util.ArrayList.forEach(ArrayList.java:1511)
... Removed 32 stack frames]]>
    </failure>
  </testcase> <!-- @AfterMethod teardown -->
  <testcase classname="TestNGkeywords.TestNgpriority" name="ppriority2" time="0.021"/>
  <testcase classname="TestNGkeywords.TestNgpriority" name="ppriority1" time="0.003"/>
  <testcase classname="TestNGkeywords.TestNgpriority" name="priority3" time="0.003"/>
  <testcase classname="TestNGkeywords.TestNgpriority" name="priority1" time="0.003"/>
  <testcase classname="TestNGkeywords.TestNgpriority" name="priority2" time="0.002"/>
  <testcase classname="TestNGkeywords.Timeout" name="priority1" time="0.015"/>
  <testcase classname="TestNGkeywords.Timeout" name="priority2" time="0.002"/>
  <testcase classname="TestNGkeywords.Timeout" name="priority2" time="0.001"/>
  <testcase classname="TestNGkeywords.Timeout" name="priority3" time="0.002"/>
  <testcase classname="TestNGkeywords.Timeout" name="priority3" time="0.002"/>
  <testcase classname="TestNGkeywords.Timeout" name="priority3" time="0.002"/>
  <testcase classname="TestNGkeywords.Enabled" name="priority1" time="0.003"/>
  <testcase classname="TestNGkeywords.Enabled" name="priority3" time="0.002"/>
  <testcase classname="TestNGkeywords.Enabled" name="priority3" time="0.002"/>
  <testcase classname="TestNGkeywords.Enabled" name="priority3" time="0.002"/>
  <testcase classname="com.sorcedemo.TESTcase.HpTC1" name="method" time="50.718"/>
  <testcase classname="pratice.TestNGkeyword" name="method6" time="0.003"/>
  <testcase classname="pratice.TestNGkeyword" name="method4" time="0.003"/>
  <testcase classname="pratice.TestNGkeyword" name="method1" time="0.003"/>
  <testcase classname="pratice.TestNGkeyword" name="method5" time="0.006"/>
  <testcase classname="pratice.TestNGkeyword" name="method3" time="0.005"/>
  <testcase classname="pratice.TestNGkeyword" name="method7" time="0.003"/>
  <testcase classname="TestNG.Hardassertion" name="method1" time="0.022"/>
  <testcase classname="TestNG.Hardassertion" name="method2" time="0.002"/>
  <testcase classname="TestNG.Tc1loginpage" name="validatingfuctionality1" time="0.001">
    <skipped/>
  </testcase> <!-- validatingfuctionality1 -->
  <testcase classname="pratice.Timeout" name="m1" time="0.005"/>
  <testcase classname="pratice.Timeout" name="m2" time="0.003"/>
  <testcase classname="pratice.TEST" name="method1" time="0.002"/>
  <testcase classname="pratice.PratieceMethod" name="validation1" time="0.014"/>
  <testcase classname="pratice.PratieceMethod" name="validation2" time="0.007"/>
  <testcase classname="TestNGkeywords.Depanedsonmethod" name="priority2" time="2.013">
    <failure type="org.testng.internal.thread.ThreadTimeoutException" message="Method TestNGkeywords.Depanedsonmethod.priority2() didn&amp;apos;t finish within the time-out 2000">
      <![CDATA[org.testng.internal.thread.ThreadTimeoutException: Method TestNGkeywords.Depanedsonmethod.priority2() didn't finish within the time-out 2000
at java.base/java.util.ArrayList.forEach(ArrayList.java:1511)
... Removed 24 stack frames]]>
    </failure>
  </testcase> <!-- priority2 -->
  <testcase classname="TestNGkeywords.Depanedsonmethod" name="priority2" time="2.003">
    <failure type="org.testng.internal.thread.ThreadTimeoutException" message="Method TestNGkeywords.Depanedsonmethod.priority2() didn&amp;apos;t finish within the time-out 2000">
      <![CDATA[org.testng.internal.thread.ThreadTimeoutException: Method TestNGkeywords.Depanedsonmethod.priority2() didn't finish within the time-out 2000
at java.base/java.util.ArrayList.forEach(ArrayList.java:1511)
... Removed 24 stack frames]]>
    </failure>
  </testcase> <!-- priority2 -->
  <testcase classname="TestNGkeywords.Depanedsonmethod" name="priority1" time="0.0">
    <skipped/>
  </testcase> <!-- priority1 -->
  <testcase classname="TestNGkeywords.Depanedsonmethod" name="priority3" time="0.002"/>
  <testcase classname="TestNGkeywords.Depanedsonmethod" name="priority3" time="0.009"/>
  <testcase classname="TestNGkeywords.Depanedsonmethod" name="priority3" time="0.004"/>
  <testcase classname="Asserations.Hardasserations" name="method" time="0.024">
    <failure type="java.lang.AssertionError" message="The following asserts failed:
	actual and expected title not match expected [shreyafdfgsh] but found [shreyash]">
      <![CDATA[java.lang.AssertionError: The following asserts failed:
actual and expected title not match expected [shreyafdfgsh] but found [shreyash]
at Asserations.Hardasserations.method(Hardasserations.java:22)
at java.base/java.util.ArrayList.forEach(ArrayList.java:1511)
... Removed 29 stack frames]]>
    </failure>
  </testcase> <!-- method -->
  <testcase classname="TestNG.Accertion" name="method1" time="0.005">
    <failure type="java.lang.AssertionError" message="test is failed expected [Shrehys] but found [Shreys]">
      <![CDATA[java.lang.AssertionError: test is failed expected [Shrehys] but found [Shreys]
at TestNG.Accertion.method1(Accertion.java:15)
at java.base/java.util.ArrayList.forEach(ArrayList.java:1511)
... Removed 32 stack frames]]>
    </failure>
  </testcase> <!-- method1 -->
  <testcase classname="com.sorcedemo.TESTcase.TestNG1" name="validation1" time="1.765"/>
  <testcase classname="com.sorcedemo.TESTcase.TestNG1" name="validation2" time="1.791"/>
  <testcase classname="TestNG.TCProduct" name="validation" time="2.102"/>
  <testcase classname="com.sorcedemo.TESTcase.TCflipcat" name="validation" time="0.004">
    <failure type="java.lang.NullPointerException" message="Cannot invoke &amp;quot;org.openqa.selenium.WebDriver.getCurrentUrl()&amp;quot; because &amp;quot;this.driver&amp;quot; is null">
      <![CDATA[java.lang.NullPointerException: Cannot invoke "org.openqa.selenium.WebDriver.getCurrentUrl()" because "this.driver" is null
at com.sorcedemo.TESTcase.TCflipcat.validation(TCflipcat.java:42)
at java.base/java.util.ArrayList.forEach(ArrayList.java:1511)
... Removed 27 stack frames]]>
    </failure>
  </testcase> <!-- validation -->
  <testcase classname="TestNGkeywords.invocationCount" name="priority1" time="0.002"/>
  <testcase classname="TestNGkeywords.invocationCount" name="priority2" time="0.005"/>
  <testcase classname="TestNGkeywords.invocationCount" name="priority2" time="0.002"/>
  <testcase classname="TestNGkeywords.invocationCount" name="priority3" time="0.004"/>
  <testcase classname="TestNGkeywords.invocationCount" name="priority3" time="0.002"/>
  <testcase classname="TestNGkeywords.invocationCount" name="priority3" time="0.004"/>
  <testcase classname="TestNGkeywords.Enabled" name="priority2" time="0.0">
    <ignored/>
  </testcase> <!-- priority2 -->
</testsuite> <!-- Test -->
