<?xml version="1.0" encoding="UTF-8"?>
<!-- Generated by org.testng.reporters.JUnitXMLReporter -->
<testsuite ignored="0" hostname="VAIO" failures="0" tests="3" name="Test" time="28.332" errors="0" timestamp="2022-06-02T15:27:59 IST">
  <testcase classname="com.sorcedemo.TESTcase.TestNG1" name="@BeforeMethod setupmethod" time="-1.654163851234E9">
    <failure type="org.testng.TestNGException" message="
Parameter &amp;apos;browserName&amp;apos; is required by BeforeMethod on method setupmethod but has not been marked @Optional or defined
in C:\Users\SNY\eclipse-workspace\Selenium Project\Seleniun project\sanity.xml">
      <![CDATA[org.testng.TestNGException: 
Parameter 'browserName' is required by BeforeMethod on method setupmethod but has not been marked @Optional or defined
in C:\Users\SNY\eclipse-workspace\Selenium Project\Seleniun project\sanity.xml
at java.base/java.util.ArrayList.forEach(ArrayList.java:1511)
... Removed 28 stack frames]]>
    </failure>
  </testcase> <!-- @BeforeMethod setupmethod -->
  <testcase classname="com.sorcedemo.TESTcase.TestNG1" name="@AfterMethod tearDown" time="-1.654163851286E9">
    <skipped/>
  </testcase> <!-- @AfterMethod tearDown -->
  <testcase classname="com.sorcedemo.TESTcase.TestNG1" name="@BeforeMethod setupmethod" time="-1.654163851295E9">
    <skipped/>
  </testcase> <!-- @BeforeMethod setupmethod -->
  <testcase classname="com.sorcedemo.TESTcase.TestNG1" name="@AfterMethod tearDown" time="-1.654163851314E9">
    <skipped/>
  </testcase> <!-- @AfterMethod tearDown -->
  <testcase classname="com.sorcedemo.TESTcase.TestNG1" name="validation1" time="0.0">
    <skipped/>
  </testcase> <!-- validation1 -->
  <testcase classname="com.sorcedemo.TESTcase.TestNG1" name="validation2" time="0.0">
    <skipped/>
  </testcase> <!-- validation2 -->
  <testcase classname="TestNG.TCProduct" name="validation" time="2.315"/>
</testsuite> <!-- Test -->
